#
# There is insufficient memory for the Java Runtime Environment to continue.
# Native memory allocation (malloc) failed to allocate 977936 bytes for Chunk::new
# Possible reasons:
#   The system is out of physical RAM or swap space
#   In 32 bit mode, the process size limit was hit
# Possible solutions:
#   Reduce memory load on the system
#   Increase physical memory or swap space
#   Check if swap backing store is full
#   Use 64 bit Java on a 64 bit OS
#   Decrease Java heap size (-Xmx/-Xms)
#   Decrease number of Java threads
#   Decrease Java thread stack sizes (-Xss)
#   Set larger code cache with -XX:ReservedCodeCacheSize=
# This output file may be truncated or incomplete.
#
#  Out of Memory Error (allocation.cpp:390), pid=768, tid=8724
#
# JRE version: Java(TM) SE Runtime Environment (8.0_51-b16) (build 1.8.0_51-b16)
# Java VM: Java HotSpot(TM) 64-Bit Server VM (25.51-b03 mixed mode windows-amd64 compressed oops)
# Failed to write core dump. Minidumps are not enabled by default on client versions of Windows
#

---------------  T H R E A D  ---------------

Current thread (0x0000000015499000):  JavaThread "C2 CompilerThread1" daemon [_thread_in_native, id=8724, stack(0x0000000016aa0000,0x0000000016ba0000)]

Stack: [0x0000000016aa0000,0x0000000016ba0000]
Native frames: (J=compiled Java code, j=interpreted, Vv=VM code, C=native code)
V  [jvm.dll+0x32b4ca]
V  [jvm.dll+0x2797e3]
V  [jvm.dll+0x27a479]
V  [jvm.dll+0x271765]
V  [jvm.dll+0xcba02]
V  [jvm.dll+0xcbecc]
V  [jvm.dll+0x492a7c]
V  [jvm.dll+0x45f98a]
V  [jvm.dll+0x46a7cb]
V  [jvm.dll+0x46cde2]
V  [jvm.dll+0x4501a2]
V  [jvm.dll+0xa43a2]
V  [jvm.dll+0xa4cdf]
V  [jvm.dll+0x2418a4]
V  [jvm.dll+0x29846a]
C  [msvcr100.dll+0x21d9f]
C  [msvcr100.dll+0x21e3b]
C  [KERNEL32.DLL+0x8364]
C  [ntdll.dll+0x65e91]


Current CompileTask:
C2:   4768 1379   !   4       com.android.dx.cf.code.BytecodeArray::parseInstruction (2764 bytes)


---------------  P R O C E S S  ---------------

Java Threads: ( => current thread )
  0x0000000016f66800 JavaThread "pool-1-thread-4" [_thread_blocked, id=3936, stack(0x00000000176a0000,0x00000000177a0000)]
  0x0000000016f65800 JavaThread "pool-1-thread-3" [_thread_in_vm, id=7764, stack(0x00000000175a0000,0x00000000176a0000)]
  0x0000000016f64000 JavaThread "pool-1-thread-2" [_thread_in_Java, id=4844, stack(0x00000000174a0000,0x00000000175a0000)]
  0x0000000016f05800 JavaThread "pool-2-thread-1" [_thread_blocked, id=8416, stack(0x00000000173a0000,0x00000000174a0000)]
  0x0000000016f04800 JavaThread "pool-1-thread-1" [_thread_in_Java, id=4248, stack(0x00000000172a0000,0x00000000173a0000)]
  0x0000000016ca5000 JavaThread "Service Thread" daemon [_thread_blocked, id=7096, stack(0x00000000170a0000,0x00000000171a0000)]
  0x000000001549c000 JavaThread "C1 CompilerThread2" daemon [_thread_blocked, id=3136, stack(0x0000000016ba0000,0x0000000016ca0000)]
=>0x0000000015499000 JavaThread "C2 CompilerThread1" daemon [_thread_in_native, id=8724, stack(0x0000000016aa0000,0x0000000016ba0000)]
  0x000000001543d000 JavaThread "C2 CompilerThread0" daemon [_thread_in_native, id=6844, stack(0x00000000169a0000,0x0000000016aa0000)]
  0x000000001543b800 JavaThread "Attach Listener" daemon [_thread_blocked, id=6836, stack(0x00000000168a0000,0x00000000169a0000)]
  0x000000001543a000 JavaThread "Signal Dispatcher" daemon [_thread_blocked, id=8488, stack(0x00000000167a0000,0x00000000168a0000)]
  0x0000000002d61800 JavaThread "Finalizer" daemon [_thread_blocked, id=9048, stack(0x00000000166a0000,0x00000000167a0000)]
  0x0000000002d5e000 JavaThread "Reference Handler" daemon [_thread_blocked, id=2848, stack(0x00000000165a0000,0x00000000166a0000)]
  0x0000000002c71000 JavaThread "main" [_thread_in_Java, id=7868, stack(0x0000000002b70000,0x0000000002c70000)]

Other Threads:
  0x0000000015408800 VMThread [stack: 0x00000000164a0000,0x00000000165a0000] [id=8404]
  0x0000000016ca6000 WatcherThread [stack: 0x00000000171a0000,0x00000000172a0000] [id=6164]

VM state:not at safepoint (normal execution)

VM Mutex/Monitor currently owned by a thread: None

Heap:
 PSYoungGen      total 38400K, used 31913K [0x00000000eab00000, 0x00000000ed580000, 0x0000000100000000)
  eden space 33280K, 82% used [0x00000000eab00000,0x00000000ec5c3e50,0x00000000ecb80000)
  from space 5120K, 88% used [0x00000000ecb80000,0x00000000ecfe67f8,0x00000000ed080000)
  to   space 5120K, 0% used [0x00000000ed080000,0x00000000ed080000,0x00000000ed580000)
 ParOldGen       total 87552K, used 8K [0x00000000c0000000, 0x00000000c5580000, 0x00000000eab00000)
  object space 87552K, 0% used [0x00000000c0000000,0x00000000c0002000,0x00000000c5580000)
 Metaspace       used 6099K, capacity 7024K, committed 7296K, reserved 1056768K
  class space    used 593K, capacity 616K, committed 640K, reserved 1048576K

Card table byte_map: [0x0000000012130000,0x0000000012340000] byte_map_base: 0x0000000011b30000

Marking Bits: (ParMarkBitMap*) 0x0000000065174040
 Begin Bits: [0x00000000128a0000, 0x00000000138a0000)
 End Bits:   [0x00000000138a0000, 0x00000000148a0000)

Polling page: 0x0000000001260000

CodeCache: size=245760Kb used=5973Kb max_used=5973Kb free=239786Kb
 bounds [0x0000000002d70000, 0x0000000003350000, 0x0000000011d70000]
 total_blobs=1718 nmethods=1449 adapters=182
 compilation: enabled

Compilation events (10 events):
Event: 4.716 Thread 0x000000001549c000 1456       3       com.android.dx.ssa.back.FirstFitLocalCombiningAllocator::handleCheckCastResults (413 bytes)
Event: 4.722 Thread 0x000000001549c000 nmethod 1456 0x0000000003321910 code [0x0000000003321ee0, 0x0000000003325db8]
Event: 4.723 Thread 0x000000001549c000 1457       3       com.android.dx.ssa.back.FirstFitLocalCombiningAllocator::handleLocalAssociatedParams (132 bytes)
Event: 4.725 Thread 0x000000001549c000 nmethod 1457 0x0000000003328a10 code [0x0000000003328ca0, 0x0000000003329c08]
Event: 4.730 Thread 0x000000001549c000 1458       3       com.android.dx.util.ByteArray::<init> (9 bytes)
Event: 4.730 Thread 0x000000001549c000 nmethod 1458 0x000000000332a4d0 code [0x000000000332a640, 0x000000000332a7c8]
Event: 4.732 Thread 0x000000001549c000 1459       3       com.android.dx.cf.code.Ropper::addReturnBlock (228 bytes)
Event: 4.736 Thread 0x000000001549c000 nmethod 1459 0x000000000332a890 code [0x000000000332adc0, 0x000000000332e628]
Event: 4.737 Thread 0x000000001549c000 1460       3       com.android.dx.cf.code.Ropper::addSynchExceptionHandlerBlock (206 bytes)
Event: 4.742 Thread 0x000000001549c000 nmethod 1460 0x0000000003331410 code [0x00000000033319c0, 0x0000000003335738]

GC Heap History (2 events):
Event: 3.603 GC heap before
{Heap before GC invocations=1 (full 0):
 PSYoungGen      total 38400K, used 33280K [0x00000000eab00000, 0x00000000ed580000, 0x0000000100000000)
  eden space 33280K, 100% used [0x00000000eab00000,0x00000000ecb80000,0x00000000ecb80000)
  from space 5120K, 0% used [0x00000000ed080000,0x00000000ed080000,0x00000000ed580000)
  to   space 5120K, 0% used [0x00000000ecb80000,0x00000000ecb80000,0x00000000ed080000)
 ParOldGen       total 87552K, used 0K [0x00000000c0000000, 0x00000000c5580000, 0x00000000eab00000)
  object space 87552K, 0% used [0x00000000c0000000,0x00000000c0000000,0x00000000c5580000)
 Metaspace       used 5811K, capacity 6768K, committed 7040K, reserved 1056768K
  class space    used 591K, capacity 616K, committed 640K, reserved 1048576K
Event: 3.621 GC heap after
Heap after GC invocations=1 (full 0):
 PSYoungGen      total 38400K, used 4505K [0x00000000eab00000, 0x00000000ed580000, 0x0000000100000000)
  eden space 33280K, 0% used [0x00000000eab00000,0x00000000eab00000,0x00000000ecb80000)
  from space 5120K, 88% used [0x00000000ecb80000,0x00000000ecfe67f8,0x00000000ed080000)
  to   space 5120K, 0% used [0x00000000ed080000,0x00000000ed080000,0x00000000ed580000)
 ParOldGen       total 87552K, used 8K [0x00000000c0000000, 0x00000000c5580000, 0x00000000eab00000)
  object space 87552K, 0% used [0x00000000c0000000,0x00000000c0002000,0x00000000c5580000)
 Metaspace       used 5811K, capacity 6768K, committed 7040K, reserved 1056768K
  class space    used 591K, capacity 616K, committed 640K, reserved 1048576K
}

Deoptimization events (10 events):
Event: 3.681 Thread 0x0000000016f04800 Uncommon trap: reason=unstable_if action=reinterpret pc=0x0000000002fd2870 method=java.util.BitSet.nextSetBit(I)I @ 87
Event: 3.708 Thread 0x0000000016f64000 Uncommon trap: reason=class_check action=maybe_recompile pc=0x00000000030c35e0 method=com.android.dx.rop.type.Type.equals(Ljava/lang/Object;)Z @ 8
Event: 3.710 Thread 0x0000000016f64000 Uncommon trap: reason=null_check action=make_not_entrant pc=0x00000000030c35f0 method=com.android.dx.rop.type.Type.equals(Ljava/lang/Object;)Z @ 8
Event: 3.718 Thread 0x0000000016f64000 Uncommon trap: reason=unstable_if action=reinterpret pc=0x000000000302a8ec method=java.util.HashMap.getNode(ILjava/lang/Object;)Ljava/util/HashMap$Node; @ 129
Event: 3.859 Thread 0x0000000016f66800 Uncommon trap: reason=unstable_if action=reinterpret pc=0x00000000031854f8 method=com.android.dx.cf.code.Ropper.labelToResultIndex(I)I @ 34
Event: 3.859 Thread 0x0000000016f66800 Uncommon trap: reason=class_check action=maybe_recompile pc=0x00000000030adbfc method=com.android.dx.rop.type.Type.equals(Ljava/lang/Object;)Z @ 8
Event: 3.859 Thread 0x0000000016f66800 Uncommon trap: reason=class_check action=maybe_recompile pc=0x00000000030adbfc method=com.android.dx.rop.type.Type.equals(Ljava/lang/Object;)Z @ 8
Event: 3.859 Thread 0x0000000016f66800 Uncommon trap: reason=class_check action=maybe_recompile pc=0x00000000030adbfc method=com.android.dx.rop.type.Type.equals(Ljava/lang/Object;)Z @ 8
Event: 3.893 Thread 0x0000000016f66800 Uncommon trap: reason=class_check action=maybe_recompile pc=0x000000000312a3a4 method=com.android.dx.rop.type.Type.equals(Ljava/lang/Object;)Z @ 8
Event: 3.995 Thread 0x0000000002c71000 Uncommon trap: reason=unstable_if action=reinterpret pc=0x000000000309605c method=com.android.dx.rop.cst.Constant.compareTo(Lcom/android/dx/rop/cst/Constant;)I @ 12

Internal exceptions (3 events):
Event: 1.538 Thread 0x0000000002c71000 Exception <a 'java/lang/NoSuchMethodError': Method sun.misc.Unsafe.defineClass(Ljava/lang/String;[BII)Ljava/lang/Class; name or signature does not match> (0x00000000eab0d160) thrown at [C:\re\workspace\8-2-build-windows-amd64-cygwin\jdk8u51\3951\hotspot\sr˙–M8çú¯?
Event: 1.538 Thread 0x0000000002c71000 Exception <a 'java/lang/NoSuchMethodError': Method sun.misc.Unsafe.prefetchRead(Ljava/lang/Object;J)V name or signature does not match> (0x00000000eab0d3f0) thrown at [C:\re\workspace\8-2-build-windows-amd64-cygwin\jdk8u51\3951\hotspot\src\share\vm\prims\jQ†√o≠@
Event: 3.710 Thread 0x0000000016f64000 Implicit null exception at 0x00000000030c34e2 to 0x00000000030c35e1

Events (10 events):
Event: 3.860 Thread 0x0000000016f66800 DEOPT PACKING pc=0x00000000030adbfc sp=0x000000001779ed90
Event: 3.860 Thread 0x0000000016f66800 DEOPT UNPACKING pc=0x0000000002db582a sp=0x000000001779ecc8 mode 2
Event: 3.893 Thread 0x0000000016f66800 Uncommon trap: trap_request=0xffffffde fr.pc=0x000000000312a3a4
Event: 3.893 Thread 0x0000000016f66800 DEOPT PACKING pc=0x000000000312a3a4 sp=0x000000001779df70
Event: 3.893 Thread 0x0000000016f66800 DEOPT UNPACKING pc=0x0000000002db582a sp=0x000000001779ddd0 mode 2
Event: 3.994 Thread 0x0000000002c71000 Uncommon trap: trap_request=0xffffff65 fr.pc=0x000000000309605c
Event: 3.995 Thread 0x0000000002c71000 DEOPT PACKING pc=0x000000000309605c sp=0x0000000002c6e130
Event: 3.995 Thread 0x0000000002c71000 DEOPT UNPACKING pc=0x0000000002db582a sp=0x0000000002c6e0d0 mode 2
Event: 4.216 Executing VM operation: ForceSafepoint
Event: 4.229 Executing VM operation: ForceSafepoint done


Dynamic libraries:
0x00007ff61edf0000 - 0x00007ff61ee27000 	C:\Program Files\Java\jdk1.8.0_51\bin\java.exe
0x00007ffe41ee0000 - 0x00007ffe420b1000 	C:\Windows\SYSTEM32\ntdll.dll
0x00007ffe3fa40000 - 0x00007ffe3faeb000 	C:\Windows\System32\KERNEL32.DLL
0x00007ffe3e930000 - 0x00007ffe3eb4d000 	C:\Windows\System32\KERNELBASE.dll
0x00007ffe41360000 - 0x00007ffe41402000 	C:\Windows\System32\ADVAPI32.dll
0x00007ffe3f4d0000 - 0x00007ffe3f56e000 	C:\Windows\System32\msvcrt.dll
0x00007ffe41730000 - 0x00007ffe41789000 	C:\Windows\System32\sechost.dll
0x00007ffe41900000 - 0x00007ffe41a21000 	C:\Windows\System32\RPCRT4.dll
0x00007ffe41790000 - 0x00007ffe418f5000 	C:\Windows\System32\USER32.dll
0x00007ffe3e6c0000 - 0x00007ffe3e6de000 	C:\Windows\System32\win32u.dll
0x00007ffe3fcd0000 - 0x00007ffe3fd04000 	C:\Windows\System32\GDI32.dll
0x00007ffe3e530000 - 0x00007ffe3e6b2000 	C:\Windows\System32\gdi32full.dll
0x00007ffe347b0000 - 0x00007ffe34a29000 	C:\Windows\WinSxS\amd64_microsoft.windows.common-controls_6595b64144ccf1df_6.0.14393.447_none_42191651c6827bb3\COMCTL32.dll
0x00007ffe3f570000 - 0x00007ffe3f837000 	C:\Windows\System32\combase.dll
0x00007ffe3e7e0000 - 0x00007ffe3e8d5000 	C:\Windows\System32\ucrtbase.dll
0x00007ffe3eb50000 - 0x00007ffe3ebba000 	C:\Windows\System32\bcryptPrimitives.dll
0x00007ffe41490000 - 0x00007ffe414be000 	C:\Windows\System32\IMM32.DLL
0x0000000065200000 - 0x00000000652d2000 	C:\Program Files\Java\jdk1.8.0_51\jre\bin\msvcr100.dll
0x0000000064970000 - 0x00000000651f3000 	C:\Program Files\Java\jdk1.8.0_51\jre\bin\server\jvm.dll
0x00007ffe41410000 - 0x00007ffe41418000 	C:\Windows\System32\PSAPI.DLL
0x00007ffe2d4b0000 - 0x00007ffe2d4b9000 	C:\Windows\SYSTEM32\WSOCK32.dll
0x00007ffe41420000 - 0x00007ffe4148a000 	C:\Windows\System32\WS2_32.dll
0x00007ffe3c800000 - 0x00007ffe3c823000 	C:\Windows\SYSTEM32\WINMM.dll
0x00007ffe3b2f0000 - 0x00007ffe3b2fa000 	C:\Windows\SYSTEM32\VERSION.dll
0x00007ffe3c7a0000 - 0x00007ffe3c7cb000 	C:\Windows\SYSTEM32\WINMMBASE.dll
0x00007ffe3e8e0000 - 0x00007ffe3e922000 	C:\Windows\System32\cfgmgr32.dll
0x0000000064960000 - 0x000000006496f000 	C:\Program Files\Java\jdk1.8.0_51\jre\bin\verify.dll
0x0000000064930000 - 0x0000000064959000 	C:\Program Files\Java\jdk1.8.0_51\jre\bin\java.dll
0x0000000064910000 - 0x0000000064926000 	C:\Program Files\Java\jdk1.8.0_51\jre\bin\zip.dll
0x00007ffe3fe50000 - 0x00007ffe41359000 	C:\Windows\System32\SHELL32.dll
0x00007ffe3ebc0000 - 0x00007ffe3f29a000 	C:\Windows\System32\windows.storage.dll
0x00007ffe3e380000 - 0x00007ffe3e3cc000 	C:\Windows\System32\powrprof.dll
0x00007ffe41e60000 - 0x00007ffe41eb2000 	C:\Windows\System32\shlwapi.dll
0x00007ffe3e340000 - 0x00007ffe3e34f000 	C:\Windows\System32\kernel.appcore.dll
0x00007ffe3e480000 - 0x00007ffe3e529000 	C:\Windows\System32\shcore.dll
0x00007ffe3e360000 - 0x00007ffe3e374000 	C:\Windows\System32\profapi.dll
0x00007ffe326e0000 - 0x00007ffe32872000 	C:\Windows\SYSTEM32\dbghelp.dll

VM Arguments:
jvm_args: -Djava.awt.headless=true -Xmx1024M -Dfile.encoding=windows-1252 -Duser.country=CL -Duser.language=es -Duser.variant 
java_command: com.android.dx.command.Main --dex --num-threads=4 --output C:\Users\marchelo\AndroidStudioProjects\fireWeb\app\build\intermediates\pre-dexed\debug\com.android.support-support-v4-24.1.1_279a1d32fbaabeea7b61d7a1dafa67281d26776e.jar C:\Users\marchelo\AndroidStudioProjects\fireWeb\app\build\intermediates\exploded-aar\com.android.support\support-v4\24.1.1\jars\classes.jar
java_class_path (initial): C:\Users\marchelo\AppData\Local\Android\sdk\build-tools\24.0.1\lib\dx.jar
Launcher Type: SUN_STANDARD

Environment Variables:
PATH=C:\ProgramData\Oracle\Java\javapath;C:\Windows\system32;C:\Windows;C:\Windows\System32\Wbem;C:\Windows\System32\WindowsPowerShell\v1.0\;C:\Users\marchelo\AppData\Local\Microsoft\WindowsApps;
USERNAME=marchelo
OS=Windows_NT
PROCESSOR_IDENTIFIER=Intel64 Family 6 Model 58 Stepping 9, GenuineIntel



---------------  S Y S T E M  ---------------

OS: Windows 10.0 , 64 bit Build 14393 (10.0.14393.0)

CPU:total 4 (2 cores per cpu, 2 threads per core) family 6 model 58 stepping 9, cmov, cx8, fxsr, mmx, sse, sse2, sse3, ssse3, sse4.1, sse4.2, popcnt, avx, aes, clmul, erms, ht, tsc, tscinvbit, tscinv

Memory: 4k page, physical 8281768k(1785388k free), swap 8281768k(5436k free)

vm_info: Java HotSpot(TM) 64-Bit Server VM (25.51-b03) for windows-amd64 JRE (1.8.0_51-b16), built on Jun  8 2015 18:03:07 by "java_re" with MS VC++ 10.0 (VS2010)

time: Thu Dec 01 03:33:53 2016
elapsed time: 4 seconds (0d 0h 0m 4s)

