#
# There is insufficient memory for the Java Runtime Environment to continue.
# Native memory allocation (malloc) failed to allocate 32744 bytes for ChunkPool::allocate
# Possible reasons:
#   The system is out of physical RAM or swap space
#   In 32 bit mode, the process size limit was hit
# Possible solutions:
#   Reduce memory load on the system
#   Increase physical memory or swap space
#   Check if swap backing store is full
#   Use 64 bit Java on a 64 bit OS
#   Decrease Java heap size (-Xmx/-Xms)
#   Decrease number of Java threads
#   Decrease Java thread stack sizes (-Xss)
#   Set larger code cache with -XX:ReservedCodeCacheSize=
# This output file may be truncated or incomplete.
#
#  Out of Memory Error (allocation.cpp:273), pid=1324, tid=8224
#
# JRE version: Java(TM) SE Runtime Environment (8.0_51-b16) (build 1.8.0_51-b16)
# Java VM: Java HotSpot(TM) 64-Bit Server VM (25.51-b03 mixed mode windows-amd64 compressed oops)
# Failed to write core dump. Minidumps are not enabled by default on client versions of Windows
#

---------------  T H R E A D  ---------------

Current thread (0x000000001557c000):  JavaThread "C1 CompilerThread2" daemon [_thread_in_native, id=8224, stack(0x0000000016c70000,0x0000000016d70000)]

Stack: [0x0000000016c70000,0x0000000016d70000]
Native frames: (J=compiled Java code, j=interpreted, Vv=VM code, C=native code)
V  [jvm.dll+0x32b4ca]
V  [jvm.dll+0x2797e3]
V  [jvm.dll+0x27a479]
V  [jvm.dll+0x271765]
V  [jvm.dll+0xcb824]
V  [jvm.dll+0xcba47]
V  [jvm.dll+0xcbecc]
V  [jvm.dll+0x435a90]
V  [jvm.dll+0x4395cf]
V  [jvm.dll+0x42f040]
V  [jvm.dll+0x4191c0]
V  [jvm.dll+0x405e0d]
V  [jvm.dll+0x406280]
V  [jvm.dll+0x4063b2]
V  [jvm.dll+0x406581]
V  [jvm.dll+0x40678f]
V  [jvm.dll+0xa43a2]
V  [jvm.dll+0xa4cdf]
V  [jvm.dll+0x2418a4]
V  [jvm.dll+0x29846a]
C  [msvcr100.dll+0x21d9f]
C  [msvcr100.dll+0x21e3b]
C  [KERNEL32.DLL+0x8364]
C  [ntdll.dll+0x65e91]


Current CompileTask:
C1:   1158  561   !   3       com.android.dx.cf.code.BytecodeArray::parseInstruction (2764 bytes)


---------------  P R O C E S S  ---------------

Java Threads: ( => current thread )
  0x0000000016fd5000 JavaThread "pool-1-thread-4" [_thread_in_vm, id=1868, stack(0x0000000017770000,0x0000000017870000)]
  0x0000000016eed800 JavaThread "pool-1-thread-3" [_thread_blocked, id=8176, stack(0x0000000017670000,0x0000000017770000)]
  0x0000000016ece800 JavaThread "pool-1-thread-2" [_thread_blocked, id=1640, stack(0x0000000017570000,0x0000000017670000)]
  0x0000000016ece000 JavaThread "pool-2-thread-1" [_thread_blocked, id=3852, stack(0x0000000017470000,0x0000000017570000)]
  0x0000000016ecb000 JavaThread "pool-1-thread-1" [_thread_blocked, id=5220, stack(0x0000000017370000,0x0000000017470000)]
  0x0000000016d73000 JavaThread "Service Thread" daemon [_thread_blocked, id=2352, stack(0x0000000017170000,0x0000000017270000)]
=>0x000000001557c000 JavaThread "C1 CompilerThread2" daemon [_thread_in_native, id=8224, stack(0x0000000016c70000,0x0000000016d70000)]
  0x0000000015575800 JavaThread "C2 CompilerThread1" daemon [_thread_in_native, id=5488, stack(0x0000000016b70000,0x0000000016c70000)]
  0x000000001551d000 JavaThread "C2 CompilerThread0" daemon [_thread_in_native, id=5668, stack(0x0000000016a70000,0x0000000016b70000)]
  0x000000001551b800 JavaThread "Attach Listener" daemon [_thread_blocked, id=820, stack(0x0000000016970000,0x0000000016a70000)]
  0x000000001551a000 JavaThread "Signal Dispatcher" daemon [_thread_blocked, id=1348, stack(0x0000000016870000,0x0000000016970000)]
  0x0000000002e41800 JavaThread "Finalizer" daemon [_thread_blocked, id=6060, stack(0x0000000016770000,0x0000000016870000)]
  0x0000000002e3e000 JavaThread "Reference Handler" daemon [_thread_blocked, id=6036, stack(0x0000000016670000,0x0000000016770000)]
  0x0000000002d51000 JavaThread "main" [_thread_blocked, id=4560, stack(0x0000000002b50000,0x0000000002c50000)]

Other Threads:
  0x00000000154e8800 VMThread [stack: 0x0000000016570000,0x0000000016670000] [id=2560]
  0x0000000016d73800 WatcherThread [stack: 0x0000000017270000,0x0000000017370000] [id=8840]

VM state:not at safepoint (normal execution)

VM Mutex/Monitor currently owned by a thread:  ([mutex/lock_event])
[0x0000000002afe100] MethodData_lock - owner thread: 0x0000000016fd5000

Heap:
 PSYoungGen      total 38400K, used 14036K [0x00000000eab00000, 0x00000000ed580000, 0x0000000100000000)
  eden space 33280K, 42% used [0x00000000eab00000,0x00000000eb8b5078,0x00000000ecb80000)
  from space 5120K, 0% used [0x00000000ed080000,0x00000000ed080000,0x00000000ed580000)
  to   space 5120K, 0% used [0x00000000ecb80000,0x00000000ecb80000,0x00000000ed080000)
 ParOldGen       total 87552K, used 0K [0x00000000c0000000, 0x00000000c5580000, 0x00000000eab00000)
  object space 87552K, 0% used [0x00000000c0000000,0x00000000c0000000,0x00000000c5580000)
 Metaspace       used 5503K, capacity 6576K, committed 6784K, reserved 1056768K
  class space    used 587K, capacity 616K, committed 640K, reserved 1048576K

Card table byte_map: [0x0000000012210000,0x0000000012420000] byte_map_base: 0x0000000011c10000

Marking Bits: (ParMarkBitMap*) 0x0000000065174040
 Begin Bits: [0x0000000012980000, 0x0000000013980000)
 End Bits:   [0x0000000013980000, 0x0000000014980000)

Polling page: 0x0000000001500000

CodeCache: size=245760Kb used=2201Kb max_used=2217Kb free=243558Kb
 bounds [0x0000000002e50000, 0x00000000030c0000, 0x0000000011e50000]
 total_blobs=819 nmethods=550 adapters=182
 compilation: enabled

Compilation events (10 events):
Event: 1.120 Thread 0x000000001551d000  564       4       java.util.BitSet::nextSetBit (102 bytes)
Event: 1.122 Thread 0x0000000015575800 nmethod 542 0x0000000003074450 code [0x00000000030745e0, 0x0000000003074df8]
Event: 1.122 Thread 0x000000001551d000 nmethod 564 0x00000000030740d0 code [0x0000000003074220, 0x0000000003074338]
Event: 1.124 Thread 0x0000000015575800  570       4       com.android.dx.util.Bits::findFirst (61 bytes)
Event: 1.124 Thread 0x000000001551d000  571       4       java.util.BitSet::set (58 bytes)
Event: 1.127 Thread 0x000000001551d000 nmethod 571 0x0000000003077050 code [0x00000000030771a0, 0x0000000003077328]
Event: 1.127 Thread 0x000000001551d000  575       4       java.lang.Long::bitCount (61 bytes)
Event: 1.128 Thread 0x000000001551d000 nmethod 575 0x0000000003069d50 code [0x0000000003069e80, 0x0000000003069f38]
Event: 1.128 Thread 0x0000000015575800 nmethod 570 0x000000000307b9d0 code [0x000000000307bb00, 0x000000000307bcf8]
Event: 1.129 Thread 0x000000001551d000  577       4       com.android.dx.util.IntList::add (65 bytes)

GC Heap History (0 events):
No events

Deoptimization events (0 events):
No events

Internal exceptions (2 events):
Event: 0.128 Thread 0x0000000002d51000 Exception <a 'java/lang/NoSuchMethodError': Method sun.misc.Unsafe.defineClass(Ljava/lang/String;[BII)Ljava/lang/Class; name or signature does not match> (0x00000000eab0d190) thrown at [C:\re\workspace\8-2-build-windows-amd64-cygwin\jdk8u51\3951\hotspot\srpp
¿m¿?
Event: 0.128 Thread 0x0000000002d51000 Exception <a 'java/lang/NoSuchMethodError': Method sun.misc.Unsafe.prefetchRead(Ljava/lang/Object;J)V name or signature does not match> (0x00000000eab0d420) thrown at [C:\re\workspace\8-2-build-windows-amd64-cygwin\jdk8u51\3951\hotspot\src\share\vm\prims\j

Events (10 events):
Event: 1.033 loading class com/android/dx/ssa/back/FirstFitLocalCombiningAllocator$Multiset done
Event: 1.087 loading class com/android/dx/cf/code/Ropper$ExceptionHandlerSetup
Event: 1.087 loading class com/android/dx/cf/code/Ropper$ExceptionHandlerSetup done
Event: 1.088 loading class java/util/HashMap$Values
Event: 1.088 loading class java/util/HashMap$Values done
Event: 1.088 loading class java/util/HashMap$ValueIterator
Event: 1.088 loading class java/util/HashMap$ValueIterator done
Event: 1.108 loading class com/android/dx/cf/code/SwitchList
Event: 1.108 loading class com/android/dx/cf/code/SwitchList done
Event: 1.129 loading class java/util/DualPivotQuicksort


Dynamic libraries:
0x00007ff61edf0000 - 0x00007ff61ee27000 	C:\Program Files\Java\jdk1.8.0_51\bin\java.exe
0x00007ffe41ee0000 - 0x00007ffe420b1000 	C:\Windows\SYSTEM32\ntdll.dll
0x00007ffe3fa40000 - 0x00007ffe3faeb000 	C:\Windows\System32\KERNEL32.DLL
0x00007ffe3e930000 - 0x00007ffe3eb4d000 	C:\Windows\System32\KERNELBASE.dll
0x00007ffe41360000 - 0x00007ffe41402000 	C:\Windows\System32\ADVAPI32.dll
0x00007ffe3f4d0000 - 0x00007ffe3f56e000 	C:\Windows\System32\msvcrt.dll
0x00007ffe41730000 - 0x00007ffe41789000 	C:\Windows\System32\sechost.dll
0x00007ffe41900000 - 0x00007ffe41a21000 	C:\Windows\System32\RPCRT4.dll
0x00007ffe41790000 - 0x00007ffe418f5000 	C:\Windows\System32\USER32.dll
0x00007ffe3e6c0000 - 0x00007ffe3e6de000 	C:\Windows\System32\win32u.dll
0x00007ffe3fcd0000 - 0x00007ffe3fd04000 	C:\Windows\System32\GDI32.dll
0x00007ffe3e530000 - 0x00007ffe3e6b2000 	C:\Windows\System32\gdi32full.dll
0x00007ffe347b0000 - 0x00007ffe34a29000 	C:\Windows\WinSxS\amd64_microsoft.windows.common-controls_6595b64144ccf1df_6.0.14393.447_none_42191651c6827bb3\COMCTL32.dll
0x00007ffe3f570000 - 0x00007ffe3f837000 	C:\Windows\System32\combase.dll
0x00007ffe3e7e0000 - 0x00007ffe3e8d5000 	C:\Windows\System32\ucrtbase.dll
0x00007ffe3eb50000 - 0x00007ffe3ebba000 	C:\Windows\System32\bcryptPrimitives.dll
0x00007ffe41490000 - 0x00007ffe414be000 	C:\Windows\System32\IMM32.DLL
0x0000000065200000 - 0x00000000652d2000 	C:\Program Files\Java\jdk1.8.0_51\jre\bin\msvcr100.dll
0x0000000064970000 - 0x00000000651f3000 	C:\Program Files\Java\jdk1.8.0_51\jre\bin\server\jvm.dll
0x00007ffe41410000 - 0x00007ffe41418000 	C:\Windows\System32\PSAPI.DLL
0x00007ffe2d4b0000 - 0x00007ffe2d4b9000 	C:\Windows\SYSTEM32\WSOCK32.dll
0x00007ffe41420000 - 0x00007ffe4148a000 	C:\Windows\System32\WS2_32.dll
0x00007ffe3c800000 - 0x00007ffe3c823000 	C:\Windows\SYSTEM32\WINMM.dll
0x00007ffe3b2f0000 - 0x00007ffe3b2fa000 	C:\Windows\SYSTEM32\VERSION.dll
0x00007ffe3c7a0000 - 0x00007ffe3c7cb000 	C:\Windows\SYSTEM32\WINMMBASE.dll
0x00007ffe3e8e0000 - 0x00007ffe3e922000 	C:\Windows\System32\cfgmgr32.dll
0x0000000064960000 - 0x000000006496f000 	C:\Program Files\Java\jdk1.8.0_51\jre\bin\verify.dll
0x0000000064930000 - 0x0000000064959000 	C:\Program Files\Java\jdk1.8.0_51\jre\bin\java.dll
0x0000000064910000 - 0x0000000064926000 	C:\Program Files\Java\jdk1.8.0_51\jre\bin\zip.dll
0x00007ffe3fe50000 - 0x00007ffe41359000 	C:\Windows\System32\SHELL32.dll
0x00007ffe3ebc0000 - 0x00007ffe3f29a000 	C:\Windows\System32\windows.storage.dll
0x00007ffe3e380000 - 0x00007ffe3e3cc000 	C:\Windows\System32\powrprof.dll
0x00007ffe41e60000 - 0x00007ffe41eb2000 	C:\Windows\System32\shlwapi.dll
0x00007ffe3e340000 - 0x00007ffe3e34f000 	C:\Windows\System32\kernel.appcore.dll
0x00007ffe3e480000 - 0x00007ffe3e529000 	C:\Windows\System32\shcore.dll
0x00007ffe3e360000 - 0x00007ffe3e374000 	C:\Windows\System32\profapi.dll
0x00007ffe326e0000 - 0x00007ffe32872000 	C:\Windows\SYSTEM32\dbghelp.dll

VM Arguments:
jvm_args: -Djava.awt.headless=true -Xmx1024M -Dfile.encoding=windows-1252 -Duser.country=CL -Duser.language=es -Duser.variant 
java_command: com.android.dx.command.Main --dex --num-threads=4 --output C:\Users\marchelo\AndroidStudioProjects\fireWeb\app\build\intermediates\pre-dexed\debug\com.android.support-support-vector-drawable-24.1.1_faf2ad5adcca1c22147f252ef288a87ea8e8c01a.jar C:\Users\marchelo\AndroidStudioProjects\fireWeb\app\build\intermediates\exploded-aar\com.android.support\support-vector-drawable\24.1.1\jars\classes.jar
java_class_path (initial): C:\Users\marchelo\AppData\Local\Android\sdk\build-tools\24.0.1\lib\dx.jar
Launcher Type: SUN_STANDARD

Environment Variables:
PATH=C:\ProgramData\Oracle\Java\javapath;C:\Windows\system32;C:\Windows;C:\Windows\System32\Wbem;C:\Windows\System32\WindowsPowerShell\v1.0\;C:\Users\marchelo\AppData\Local\Microsoft\WindowsApps;
USERNAME=marchelo
OS=Windows_NT
PROCESSOR_IDENTIFIER=Intel64 Family 6 Model 58 Stepping 9, GenuineIntel



---------------  S Y S T E M  ---------------

OS: Windows 10.0 , 64 bit Build 14393 (10.0.14393.0)

CPU:total 4 (2 cores per cpu, 2 threads per core) family 6 model 58 stepping 9, cmov, cx8, fxsr, mmx, sse, sse2, sse3, ssse3, sse4.1, sse4.2, popcnt, avx, aes, clmul, erms, ht, tsc, tscinvbit, tscinv

Memory: 4k page, physical 8281768k(1541804k free), swap 8281768k(2836k free)

vm_info: Java HotSpot(TM) 64-Bit Server VM (25.51-b03) for windows-amd64 JRE (1.8.0_51-b16), built on Jun  8 2015 18:03:07 by "java_re" with MS VC++ 10.0 (VS2010)

time: Thu Dec 01 03:31:58 2016
elapsed time: 1 seconds (0d 0h 0m 1s)

