#
# There is insufficient memory for the Java Runtime Environment to continue.
# Native memory allocation (malloc) failed to allocate 1424016 bytes for Chunk::new
# Possible reasons:
#   The system is out of physical RAM or swap space
#   In 32 bit mode, the process size limit was hit
# Possible solutions:
#   Reduce memory load on the system
#   Increase physical memory or swap space
#   Check if swap backing store is full
#   Use 64 bit Java on a 64 bit OS
#   Decrease Java heap size (-Xmx/-Xms)
#   Decrease number of Java threads
#   Decrease Java thread stack sizes (-Xss)
#   Set larger code cache with -XX:ReservedCodeCacheSize=
# This output file may be truncated or incomplete.
#
#  Out of Memory Error (allocation.cpp:390), pid=5476, tid=8856
#
# JRE version: Java(TM) SE Runtime Environment (8.0_51-b16) (build 1.8.0_51-b16)
# Java VM: Java HotSpot(TM) 64-Bit Server VM (25.51-b03 mixed mode windows-amd64 compressed oops)
# Failed to write core dump. Minidumps are not enabled by default on client versions of Windows
#

---------------  T H R E A D  ---------------

Current thread (0x00000000154c1000):  JavaThread "C2 CompilerThread1" daemon [_thread_in_native, id=8856, stack(0x0000000016ac0000,0x0000000016bc0000)]

Stack: [0x0000000016ac0000,0x0000000016bc0000]
Native frames: (J=compiled Java code, j=interpreted, Vv=VM code, C=native code)
V  [jvm.dll+0x32b4ca]
V  [jvm.dll+0x2797e3]
V  [jvm.dll+0x27a479]
V  [jvm.dll+0x271765]
V  [jvm.dll+0xcba02]
V  [jvm.dll+0xcbecc]
V  [jvm.dll+0x476f72]
V  [jvm.dll+0x4b95ff]
V  [jvm.dll+0x46b9bf]
V  [jvm.dll+0x46cd4e]
V  [jvm.dll+0x4501a2]
V  [jvm.dll+0xa43a2]
V  [jvm.dll+0xa4cdf]
V  [jvm.dll+0x2418a4]
V  [jvm.dll+0x29846a]
C  [msvcr100.dll+0x21d9f]
C  [msvcr100.dll+0x21e3b]
C  [KERNEL32.DLL+0x8364]
C  [ntdll.dll+0x65e91]


Current CompileTask:
C2:   8607 1758   !   4       com.android.dx.cf.code.Ropper::processBlock (1101 bytes)


---------------  P R O C E S S  ---------------

Java Threads: ( => current thread )
  0x0000000016f0e000 JavaThread "pool-1-thread-4" [_thread_in_Java, id=5456, stack(0x00000000176c0000,0x00000000177c0000)]
  0x0000000016f0d800 JavaThread "pool-1-thread-3" [_thread_in_Java, id=8200, stack(0x00000000175c0000,0x00000000176c0000)]
  0x0000000016f0c800 JavaThread "pool-1-thread-2" [_thread_blocked, id=8332, stack(0x00000000174c0000,0x00000000175c0000)]
  0x0000000016f08800 JavaThread "pool-2-thread-1" [_thread_blocked, id=5820, stack(0x00000000173c0000,0x00000000174c0000)]
  0x0000000016f05800 JavaThread "pool-1-thread-1" [_thread_blocked, id=5124, stack(0x00000000172c0000,0x00000000173c0000)]
  0x0000000016cc5000 JavaThread "Service Thread" daemon [_thread_blocked, id=3808, stack(0x00000000170c0000,0x00000000171c0000)]
  0x00000000154cc000 JavaThread "C1 CompilerThread2" daemon [_thread_blocked, id=588, stack(0x0000000016bc0000,0x0000000016cc0000)]
=>0x00000000154c1000 JavaThread "C2 CompilerThread1" daemon [_thread_in_native, id=8856, stack(0x0000000016ac0000,0x0000000016bc0000)]
  0x000000001546d000 JavaThread "C2 CompilerThread0" daemon [_thread_in_native, id=6628, stack(0x00000000169c0000,0x0000000016ac0000)]
  0x000000001546b800 JavaThread "Attach Listener" daemon [_thread_blocked, id=3624, stack(0x00000000168c0000,0x00000000169c0000)]
  0x000000001546a000 JavaThread "Signal Dispatcher" daemon [_thread_blocked, id=6940, stack(0x00000000167c0000,0x00000000168c0000)]
  0x0000000002d91800 JavaThread "Finalizer" daemon [_thread_blocked, id=7140, stack(0x00000000166c0000,0x00000000167c0000)]
  0x0000000002d8e000 JavaThread "Reference Handler" daemon [_thread_blocked, id=5956, stack(0x00000000165c0000,0x00000000166c0000)]
  0x0000000002ca1000 JavaThread "main" [_thread_blocked, id=4608, stack(0x0000000002aa0000,0x0000000002ba0000)]

Other Threads:
  0x0000000015438800 VMThread [stack: 0x00000000164c0000,0x00000000165c0000] [id=5684]
  0x0000000016cc6000 WatcherThread [stack: 0x00000000171c0000,0x00000000172c0000] [id=4060]

VM state:not at safepoint (normal execution)

VM Mutex/Monitor currently owned by a thread: None

Heap:
 PSYoungGen      total 38400K, used 18036K [0x00000000eab00000, 0x00000000ed580000, 0x0000000100000000)
  eden space 33280K, 38% used [0x00000000eab00000,0x00000000eb79f2b0,0x00000000ecb80000)
  from space 5120K, 99% used [0x00000000ecb80000,0x00000000ed07dec8,0x00000000ed080000)
  to   space 5120K, 0% used [0x00000000ed080000,0x00000000ed080000,0x00000000ed580000)
 ParOldGen       total 87552K, used 11613K [0x00000000c0000000, 0x00000000c5580000, 0x00000000eab00000)
  object space 87552K, 13% used [0x00000000c0000000,0x00000000c0b57770,0x00000000c5580000)
 Metaspace       used 6230K, capacity 7088K, committed 7296K, reserved 1056768K
  class space    used 590K, capacity 616K, committed 640K, reserved 1048576K

Card table byte_map: [0x0000000012160000,0x0000000012370000] byte_map_base: 0x0000000011b60000

Marking Bits: (ParMarkBitMap*) 0x0000000065174040
 Begin Bits: [0x00000000128d0000, 0x00000000138d0000)
 End Bits:   [0x00000000138d0000, 0x00000000148d0000)

Polling page: 0x0000000000fa0000

CodeCache: size=245760Kb used=7827Kb max_used=7860Kb free=237933Kb
 bounds [0x0000000002da0000, 0x0000000003560000, 0x0000000011da0000]
 total_blobs=2051 nmethods=1781 adapters=182
 compilation: enabled

Compilation events (10 events):
Event: 8.225 Thread 0x00000000154c1000 nmethod 1782 0x000000000353bd10 code [0x000000000353bf80, 0x000000000353de68]
Event: 8.225 Thread 0x00000000154c1000 1783       4       java.util.HashMap::get (23 bytes)
Event: 8.231 Thread 0x00000000154c1000 nmethod 1783 0x000000000352f090 code [0x000000000352f1e0, 0x000000000352f458]
Event: 8.231 Thread 0x00000000154c1000 1766       4       com.android.dx.util.IntList::mutableCopy (39 bytes)
Event: 8.247 Thread 0x00000000154c1000 nmethod 1766 0x000000000352e510 code [0x000000000352e680, 0x000000000352ec58]
Event: 8.247 Thread 0x00000000154c1000 1758   !   4       com.android.dx.cf.code.Ropper::processBlock (1101 bytes)
Event: 8.357 Thread 0x000000001546d000 nmethod 1736 0x0000000003548310 code [0x0000000003548e80, 0x0000000003550530]
Event: 8.357 Thread 0x000000001546d000 1755       4       java.util.BitSet::nextClearBit (116 bytes)
Event: 8.359 Thread 0x000000001546d000 nmethod 1755 0x000000000353a150 code [0x000000000353a2a0, 0x000000000353a3d8]
Event: 8.500 Thread 0x000000001546d000 1803       4       com.android.dx.ssa.SCCP::simulatePhiBlock (50 bytes)

GC Heap History (6 events):
Event: 4.442 GC heap before
{Heap before GC invocations=1 (full 0):
 PSYoungGen      total 38400K, used 33280K [0x00000000eab00000, 0x00000000ed580000, 0x0000000100000000)
  eden space 33280K, 100% used [0x00000000eab00000,0x00000000ecb80000,0x00000000ecb80000)
  from space 5120K, 0% used [0x00000000ed080000,0x00000000ed080000,0x00000000ed580000)
  to   space 5120K, 0% used [0x00000000ecb80000,0x00000000ecb80000,0x00000000ed080000)
 ParOldGen       total 87552K, used 0K [0x00000000c0000000, 0x00000000c5580000, 0x00000000eab00000)
  object space 87552K, 0% used [0x00000000c0000000,0x00000000c0000000,0x00000000c5580000)
 Metaspace       used 6031K, capacity 6960K, committed 7040K, reserved 1056768K
  class space    used 588K, capacity 616K, committed 640K, reserved 1048576K
Event: 4.666 GC heap after
Heap after GC invocations=1 (full 0):
 PSYoungGen      total 38400K, used 5114K [0x00000000eab00000, 0x00000000ed580000, 0x0000000100000000)
  eden space 33280K, 0% used [0x00000000eab00000,0x00000000eab00000,0x00000000ecb80000)
  from space 5120K, 99% used [0x00000000ecb80000,0x00000000ed07eac8,0x00000000ed080000)
  to   space 5120K, 0% used [0x00000000ed080000,0x00000000ed080000,0x00000000ed580000)
 ParOldGen       total 87552K, used 1465K [0x00000000c0000000, 0x00000000c5580000, 0x00000000eab00000)
  object space 87552K, 1% used [0x00000000c0000000,0x00000000c016e630,0x00000000c5580000)
 Metaspace       used 6031K, capacity 6960K, committed 7040K, reserved 1056768K
  class space    used 588K, capacity 616K, committed 640K, reserved 1048576K
}
Event: 5.939 GC heap before
{Heap before GC invocations=2 (full 0):
 PSYoungGen      total 38400K, used 38394K [0x00000000eab00000, 0x00000000ed580000, 0x0000000100000000)
  eden space 33280K, 100% used [0x00000000eab00000,0x00000000ecb80000,0x00000000ecb80000)
  from space 5120K, 99% used [0x00000000ecb80000,0x00000000ed07eac8,0x00000000ed080000)
  to   space 5120K, 0% used [0x00000000ed080000,0x00000000ed080000,0x00000000ed580000)
 ParOldGen       total 87552K, used 1465K [0x00000000c0000000, 0x00000000c5580000, 0x00000000eab00000)
  object space 87552K, 1% used [0x00000000c0000000,0x00000000c016e630,0x00000000c5580000)
 Metaspace       used 6170K, capacity 7088K, committed 7296K, reserved 1056768K
  class space    used 589K, capacity 616K, committed 640K, reserved 1048576K
Event: 6.221 GC heap after
Heap after GC invocations=2 (full 0):
 PSYoungGen      total 38400K, used 5106K [0x00000000eab00000, 0x00000000ed580000, 0x0000000100000000)
  eden space 33280K, 0% used [0x00000000eab00000,0x00000000eab00000,0x00000000ecb80000)
  from space 5120K, 99% used [0x00000000ed080000,0x00000000ed57c928,0x00000000ed580000)
  to   space 5120K, 0% used [0x00000000ecb80000,0x00000000ecb80000,0x00000000ed080000)
 ParOldGen       total 87552K, used 6312K [0x00000000c0000000, 0x00000000c5580000, 0x00000000eab00000)
  object space 87552K, 7% used [0x00000000c0000000,0x00000000c062a3d8,0x00000000c5580000)
 Metaspace       used 6170K, capacity 7088K, committed 7296K, reserved 1056768K
  class space    used 589K, capacity 616K, committed 640K, reserved 1048576K
}
Event: 7.452 GC heap before
{Heap before GC invocations=3 (full 0):
 PSYoungGen      total 38400K, used 38386K [0x00000000eab00000, 0x00000000ed580000, 0x0000000100000000)
  eden space 33280K, 100% used [0x00000000eab00000,0x00000000ecb80000,0x00000000ecb80000)
  from space 5120K, 99% used [0x00000000ed080000,0x00000000ed57c928,0x00000000ed580000)
  to   space 5120K, 0% used [0x00000000ecb80000,0x00000000ecb80000,0x00000000ed080000)
 ParOldGen       total 87552K, used 6312K [0x00000000c0000000, 0x00000000c5580000, 0x00000000eab00000)
  object space 87552K, 7% used [0x00000000c0000000,0x00000000c062a3d8,0x00000000c5580000)
 Metaspace       used 6215K, capacity 7088K, committed 7296K, reserved 1056768K
  class space    used 589K, capacity 616K, committed 640K, reserved 1048576K
Event: 7.909 GC heap after
Heap after GC invocations=3 (full 0):
 PSYoungGen      total 38400K, used 5111K [0x00000000eab00000, 0x00000000ed580000, 0x0000000100000000)
  eden space 33280K, 0% used [0x00000000eab00000,0x00000000eab00000,0x00000000ecb80000)
  from space 5120K, 99% used [0x00000000ecb80000,0x00000000ed07dec8,0x00000000ed080000)
  to   space 5120K, 0% used [0x00000000ed080000,0x00000000ed080000,0x00000000ed580000)
 ParOldGen       total 87552K, used 11613K [0x00000000c0000000, 0x00000000c5580000, 0x00000000eab00000)
  object space 87552K, 13% used [0x00000000c0000000,0x00000000c0b57770,0x00000000c5580000)
 Metaspace       used 6215K, capacity 7088K, committed 7296K, reserved 1056768K
  class space    used 589K, capacity 616K, committed 640K, reserved 1048576K
}

Deoptimization events (10 events):
Event: 6.428 Thread 0x0000000016f0c800 Uncommon trap: reason=unstable_if action=reinterpret pc=0x0000000002ff3bb8 method=java.util.HashMap.getNode(ILjava/lang/Object;)Ljava/util/HashMap$Node; @ 62
Event: 7.061 Thread 0x0000000016f0c800 Uncommon trap: reason=bimorphic action=maybe_recompile pc=0x00000000030ec944 method=java.util.HashMap.getNode(ILjava/lang/Object;)Ljava/util/HashMap$Node; @ 126
Event: 7.061 Thread 0x0000000016f0c800 Uncommon trap: reason=class_check action=maybe_recompile pc=0x000000000320b7e0 method=java.util.HashMap.putVal(ILjava/lang/Object;Ljava/lang/Object;ZZ)Ljava/lang/Object; @ 203
Event: 7.063 Thread 0x0000000016f0c800 Uncommon trap: reason=unstable_if action=reinterpret pc=0x00000000034c2f28 method=com.android.dx.rop.code.RegisterSpecSet.put(Lcom/android/dx/rop/code/RegisterSpec;)V @ 77
Event: 7.092 Thread 0x0000000016f0c800 Uncommon trap: reason=unstable_if action=reinterpret pc=0x0000000003236abc method=com.android.dx.util.IntList.binarysearch(I)I @ 105
Event: 7.440 Thread 0x0000000016f05800 Uncommon trap: reason=bimorphic action=maybe_recompile pc=0x00000000030ec944 method=java.util.HashMap.getNode(ILjava/lang/Object;)Ljava/util/HashMap$Node; @ 126
Event: 7.440 Thread 0x0000000016f05800 Uncommon trap: reason=bimorphic action=maybe_recompile pc=0x00000000030ec944 method=java.util.HashMap.getNode(ILjava/lang/Object;)Ljava/util/HashMap$Node; @ 126
Event: 7.967 Thread 0x0000000016f0c800 Uncommon trap: reason=unstable_if action=reinterpret pc=0x000000000352c334 method=com.android.dx.rop.code.LocalVariableInfo.mergeStarts(ILcom/android/dx/rop/code/RegisterSpecSet;)Z @ 31
Event: 7.996 Thread 0x0000000016f0e000 Uncommon trap: reason=unstable_if action=reinterpret pc=0x00000000034d61dc method=com.android.dx.cf.code.ExecutionStack.<init>(I)V @ 2
Event: 8.103 Thread 0x0000000016f0d800 Uncommon trap: reason=unstable_if action=reinterpret pc=0x0000000003170fe4 method=com.android.dx.rop.code.RegisterSpec.equals(ILcom/android/dx/rop/type/TypeBearer;Lcom/android/dx/rop/code/LocalItem;)Z @ 42

Internal exceptions (6 events):
Event: 0.363 Thread 0x0000000002ca1000 Exception <a 'java/lang/NoSuchMethodError': Method sun.misc.Unsafe.defineClass(Ljava/lang/String;[BII)Ljava/lang/Class; name or signature does not match> (0x00000000eab0d320) thrown at [C:\re\workspace\8-2-build-windows-amd64-cygwin\jdk8u51\3951\hotspot\srÖ0ëÍ8×?
Event: 0.363 Thread 0x0000000002ca1000 Exception <a 'java/lang/NoSuchMethodError': Method sun.misc.Unsafe.prefetchRead(Ljava/lang/Object;J)V name or signature does not match> (0x00000000eab0d5b0) thrown at [C:\re\workspace\8-2-build-windows-amd64-cygwin\jdk8u51\3951\hotspot\src\share\vm\prims\j¿>ÐêÌ@
Event: 3.600 Thread 0x0000000016f0d800 Implicit null exception at 0x0000000003120ae2 to 0x0000000003120bd2
Event: 5.165 Thread 0x0000000016f0e000 Implicit null exception at 0x00000000030f996b to 0x00000000030fc7a5
Event: 5.195 Thread 0x0000000016f0e000 Implicit null exception at 0x00000000030dece8 to 0x00000000030e116d
Event: 5.263 Thread 0x0000000016f05800 Implicit null exception at 0x000000000336c2a7 to 0x000000000336d889

Events (10 events):
Event: 7.996 Thread 0x0000000016f0e000 Uncommon trap: trap_request=0xffffff65 fr.pc=0x00000000034d61dc
Event: 7.996 Thread 0x0000000016f0e000 DEOPT PACKING pc=0x00000000034d61dc sp=0x00000000177be7c0
Event: 7.996 Thread 0x0000000016f0e000 DEOPT UNPACKING pc=0x0000000002de582a sp=0x00000000177be738 mode 2
Event: 8.103 Thread 0x0000000016f0d800 Uncommon trap: trap_request=0xffffff65 fr.pc=0x0000000003170fe4
Event: 8.103 Thread 0x0000000016f0d800 DEOPT PACKING pc=0x0000000003170fe4 sp=0x00000000176be810
Event: 8.103 Thread 0x0000000016f0d800 DEOPT UNPACKING pc=0x0000000002de582a sp=0x00000000176be598 mode 2
Event: 8.113 loading class java/util/HashMap$KeySet
Event: 8.113 loading class java/util/HashMap$KeySet done
Event: 8.114 loading class java/util/HashMap$KeyIterator
Event: 8.114 loading class java/util/HashMap$KeyIterator done


Dynamic libraries:
0x00007ff61edf0000 - 0x00007ff61ee27000 	C:\Program Files\Java\jdk1.8.0_51\bin\java.exe
0x00007ffe41ee0000 - 0x00007ffe420b1000 	C:\Windows\SYSTEM32\ntdll.dll
0x00007ffe3fa40000 - 0x00007ffe3faeb000 	C:\Windows\System32\KERNEL32.DLL
0x00007ffe3e930000 - 0x00007ffe3eb4d000 	C:\Windows\System32\KERNELBASE.dll
0x00007ffe41360000 - 0x00007ffe41402000 	C:\Windows\System32\ADVAPI32.dll
0x00007ffe3f4d0000 - 0x00007ffe3f56e000 	C:\Windows\System32\msvcrt.dll
0x00007ffe41730000 - 0x00007ffe41789000 	C:\Windows\System32\sechost.dll
0x00007ffe41900000 - 0x00007ffe41a21000 	C:\Windows\System32\RPCRT4.dll
0x00007ffe41790000 - 0x00007ffe418f5000 	C:\Windows\System32\USER32.dll
0x00007ffe3e6c0000 - 0x00007ffe3e6de000 	C:\Windows\System32\win32u.dll
0x00007ffe3fcd0000 - 0x00007ffe3fd04000 	C:\Windows\System32\GDI32.dll
0x00007ffe3e530000 - 0x00007ffe3e6b2000 	C:\Windows\System32\gdi32full.dll
0x00007ffe347b0000 - 0x00007ffe34a29000 	C:\Windows\WinSxS\amd64_microsoft.windows.common-controls_6595b64144ccf1df_6.0.14393.447_none_42191651c6827bb3\COMCTL32.dll
0x00007ffe3f570000 - 0x00007ffe3f837000 	C:\Windows\System32\combase.dll
0x00007ffe3e7e0000 - 0x00007ffe3e8d5000 	C:\Windows\System32\ucrtbase.dll
0x00007ffe3eb50000 - 0x00007ffe3ebba000 	C:\Windows\System32\bcryptPrimitives.dll
0x00007ffe41490000 - 0x00007ffe414be000 	C:\Windows\System32\IMM32.DLL
0x0000000065200000 - 0x00000000652d2000 	C:\Program Files\Java\jdk1.8.0_51\jre\bin\msvcr100.dll
0x0000000064970000 - 0x00000000651f3000 	C:\Program Files\Java\jdk1.8.0_51\jre\bin\server\jvm.dll
0x00007ffe41410000 - 0x00007ffe41418000 	C:\Windows\System32\PSAPI.DLL
0x00007ffe2d4b0000 - 0x00007ffe2d4b9000 	C:\Windows\SYSTEM32\WSOCK32.dll
0x00007ffe41420000 - 0x00007ffe4148a000 	C:\Windows\System32\WS2_32.dll
0x00007ffe3c800000 - 0x00007ffe3c823000 	C:\Windows\SYSTEM32\WINMM.dll
0x00007ffe3b2f0000 - 0x00007ffe3b2fa000 	C:\Windows\SYSTEM32\VERSION.dll
0x00007ffe3c7a0000 - 0x00007ffe3c7cb000 	C:\Windows\SYSTEM32\WINMMBASE.dll
0x00007ffe3e8e0000 - 0x00007ffe3e922000 	C:\Windows\System32\cfgmgr32.dll
0x0000000064960000 - 0x000000006496f000 	C:\Program Files\Java\jdk1.8.0_51\jre\bin\verify.dll
0x0000000064930000 - 0x0000000064959000 	C:\Program Files\Java\jdk1.8.0_51\jre\bin\java.dll
0x0000000064910000 - 0x0000000064926000 	C:\Program Files\Java\jdk1.8.0_51\jre\bin\zip.dll
0x00007ffe3fe50000 - 0x00007ffe41359000 	C:\Windows\System32\SHELL32.dll
0x00007ffe3ebc0000 - 0x00007ffe3f29a000 	C:\Windows\System32\windows.storage.dll
0x00007ffe3e380000 - 0x00007ffe3e3cc000 	C:\Windows\System32\powrprof.dll
0x00007ffe41e60000 - 0x00007ffe41eb2000 	C:\Windows\System32\shlwapi.dll
0x00007ffe3e340000 - 0x00007ffe3e34f000 	C:\Windows\System32\kernel.appcore.dll
0x00007ffe3e480000 - 0x00007ffe3e529000 	C:\Windows\System32\shcore.dll
0x00007ffe3e360000 - 0x00007ffe3e374000 	C:\Windows\System32\profapi.dll
0x00007ffe326e0000 - 0x00007ffe32872000 	C:\Windows\SYSTEM32\dbghelp.dll

VM Arguments:
jvm_args: -Djava.awt.headless=true -Xmx1024M -Dfile.encoding=windows-1252 -Duser.country=CL -Duser.language=es -Duser.variant 
java_command: com.android.dx.command.Main --dex --num-threads=4 --output C:\Users\marchelo\AndroidStudioProjects\fireWeb\app\build\intermediates\pre-dexed\debug\spring-android-core-2.0.0.M3_7ebdbdfe41cf6f312f81eac4f5009e17c0e51ee4.jar C:\Users\marchelo\.gradle\caches\modules-2\files-2.1\org.springframework.android\spring-android-core\2.0.0.M3\c7e2c60943248bbce5de6cf552592281ed2296b\spring-android-core-2.0.0.M3.jar
java_class_path (initial): C:\Users\marchelo\AppData\Local\Android\sdk\build-tools\24.0.1\lib\dx.jar
Launcher Type: SUN_STANDARD

Environment Variables:
PATH=C:\ProgramData\Oracle\Java\javapath;C:\Windows\system32;C:\Windows;C:\Windows\System32\Wbem;C:\Windows\System32\WindowsPowerShell\v1.0\;C:\Users\marchelo\AppData\Local\Microsoft\WindowsApps;
USERNAME=marchelo
OS=Windows_NT
PROCESSOR_IDENTIFIER=Intel64 Family 6 Model 58 Stepping 9, GenuineIntel



---------------  S Y S T E M  ---------------

OS: Windows 10.0 , 64 bit Build 14393 (10.0.14393.0)

CPU:total 4 (2 cores per cpu, 2 threads per core) family 6 model 58 stepping 9, cmov, cx8, fxsr, mmx, sse, sse2, sse3, ssse3, sse4.1, sse4.2, popcnt, avx, aes, clmul, erms, ht, tsc, tscinvbit, tscinv

Memory: 4k page, physical 8281768k(1735148k free), swap 8281768k(5392k free)

vm_info: Java HotSpot(TM) 64-Bit Server VM (25.51-b03) for windows-amd64 JRE (1.8.0_51-b16), built on Jun  8 2015 18:03:07 by "java_re" with MS VC++ 10.0 (VS2010)

time: Thu Dec 01 03:33:45 2016
elapsed time: 8 seconds (0d 0h 0m 8s)

